<?xml version="1.0" encoding="utf-8"?><testsuite errors="0" failures="0" name="sphinx-gallery" skipped="0" tests="1" time="28.932267904281616"><testcase classname="tutorial_QUBO" file="demonstrations/tutorial_QUBO.py" line="1" name="The Quadratic Unconstrained Binary Optimization (QUBO)" time="28.932267904281616"></testcase></testsuite>