<?xml version="1.0" encoding="utf-8"?><testsuite errors="0" failures="0" name="sphinx-gallery" skipped="0" tests="1" time="140.45469975471497"><testcase classname="tutorial_diffable_shadows" file="demonstrations/tutorial_diffable_shadows.py" line="1" name="Estimating observables with classical shadows in the Pauli basis" time="140.45469975471497"></testcase></testsuite>